-------------------------------------------------------------------------------
Test set: codestats.UnitTests
-------------------------------------------------------------------------------
Tests run: 6, Failures: 2, Errors: 0, Skipped: 0, Time elapsed: 0.037 s <<< FAILURE! - in codestats.UnitTests
codestats.UnitTests.testSimpleTextLayoutSummaryOnly()  Time elapsed: 0.011 s  <<< FAILURE!
org.opentest4j.AssertionFailedError: 
expected: <Root/
├── code-example-with-scope-comments.cpp
├── code-example.cpp
└── Subdir/
    └── another-example.java
			REPORT
			‾‾‾‾‾‾‾‾‾
src/main/resources/Root/Subdir/another-example.java:
	Total single-line comments: 2
	Empty single-line comments: 0
	Total multi-line comments: 0
	Total lines with comments: 2
src/main/resources/Root/code-example.cpp:
	Total single-line comments: 3
	Empty single-line comments: 1
	Total multi-line comments: 0
	Total lines with comments: 3
> but was: <Root/
			WHOLE PROJECT:
	Total single-line comments: 5
	Empty single-line comments: 1
	Total multi-line comments: 0
	Total lines with comments: 5
>
	at org.junit.jupiter.api.AssertionUtils.fail(AssertionUtils.java:55)
	at org.junit.jupiter.api.AssertionUtils.failNotEqual(AssertionUtils.java:62)
	at org.junit.jupiter.api.AssertEquals.assertEquals(AssertEquals.java:182)
	at org.junit.jupiter.api.AssertEquals.assertEquals(AssertEquals.java:177)
	at org.junit.jupiter.api.Assertions.assertEquals(Assertions.java:1124)
	at codestats.UnitTests.testSimpleTextLayoutSummaryOnly(UnitTests.java:104)

codestats.UnitTests.testSimpleTextLayoutFull()  Time elapsed: 0.003 s  <<< FAILURE!
org.opentest4j.AssertionFailedError: 
expected: <Root/
├── code-example-with-scope-comments.cpp
├── code-example.cpp
└── Subdir/
    └── another-example.java
			REPORT
			‾‾‾‾‾‾‾‾‾
src/main/resources/Root/Subdir/another-example.java:
	Total single-line comments: 2
	Empty single-line comments: 0
	Total multi-line comments: 0
	Total lines with comments: 2
src/main/resources/Root/code-example.cpp:
	Total single-line comments: 3
	Empty single-line comments: 1
	Total multi-line comments: 0
	Total lines with comments: 3
> but was: <Root/
├── code-example-with-scope-comments.cpp
├── code-example.cpp
└── Subdir/
    └── another-example.java
			WHOLE PROJECT:
	Total single-line comments: 5
	Empty single-line comments: 1
	Total multi-line comments: 0
	Total lines with comments: 5
			REPORT
			‾‾‾‾‾‾‾‾‾
src/main/resources/Root/Subdir/another-example.java:
	Total single-line comments: 2
	Empty single-line comments: 0
	Total multi-line comments: 0
	Total lines with comments: 2
src/main/resources/Root/code-example.cpp:
	Total single-line comments: 3
	Empty single-line comments: 1
	Total multi-line comments: 0
	Total lines with comments: 3
>
	at org.junit.jupiter.api.AssertionUtils.fail(AssertionUtils.java:55)
	at org.junit.jupiter.api.AssertionUtils.failNotEqual(AssertionUtils.java:62)
	at org.junit.jupiter.api.AssertEquals.assertEquals(AssertEquals.java:182)
	at org.junit.jupiter.api.AssertEquals.assertEquals(AssertEquals.java:177)
	at org.junit.jupiter.api.Assertions.assertEquals(Assertions.java:1124)
	at codestats.UnitTests.testSimpleTextLayoutFull(UnitTests.java:66)

