<?xml version="1.0" encoding="UTF-8"?>
<testsuite xmlns:xsi="http://www.w3.org/2001/XMLSchema-instance" xsi:noNamespaceSchemaLocation="https://maven.apache.org/surefire/maven-surefire-plugin/xsd/surefire-test-report.xsd" name="codestats.UnitTests" time="0.037" tests="6" errors="0" skipped="0" failures="2">
  <properties>
    <property name="java.specification.version" value="15"/>
    <property name="sun.cpu.isalist" value="amd64"/>
    <property name="sun.jnu.encoding" value="Cp1251"/>
    <property name="java.class.path" value="C:\Users\Андрей\code-statistics\CodeStats\target\test-classes;C:\Users\Андрей\code-statistics\CodeStats\target\classes;C:\Users\Андрей\.m2\repository\org\junit\jupiter\junit-jupiter-api\5.6.2\junit-jupiter-api-5.6.2.jar;C:\Users\Андрей\.m2\repository\org\apiguardian\apiguardian-api\1.1.0\apiguardian-api-1.1.0.jar;C:\Users\Андрей\.m2\repository\org\opentest4j\opentest4j\1.2.0\opentest4j-1.2.0.jar;C:\Users\Андрей\.m2\repository\org\junit\platform\junit-platform-commons\1.6.2\junit-platform-commons-1.6.2.jar;C:\Users\Андрей\.m2\repository\info\picocli\picocli\4.6.1\picocli-4.6.1.jar;"/>
    <property name="java.vm.vendor" value="Oracle Corporation"/>
    <property name="sun.arch.data.model" value="64"/>
    <property name="user.variant" value=""/>
    <property name="java.vendor.url" value="https://java.oracle.com/"/>
    <property name="user.timezone" value="Europe/Moscow"/>
    <property name="os.name" value="Windows 10"/>
    <property name="java.vm.specification.version" value="15"/>
    <property name="sun.java.launcher" value="SUN_STANDARD"/>
    <property name="user.country" value="RU"/>
    <property name="sun.boot.library.path" value="C:\Users\Андрей\.jdks\openjdk-15.0.2\bin"/>
    <property name="sun.java.command" value="C:\Users\A4F7~1\AppData\Local\Temp\surefire1074272329619795962\surefirebooter12666779439396530899.jar C:\Users\Андрей\AppData\Local\Temp\surefire1074272329619795962 2021-04-16T14-03-20_307-jvmRun1 surefire17465659822500569698tmp surefire_014557136930005441510tmp"/>
    <property name="jdk.debug" value="release"/>
    <property name="surefire.test.class.path" value="C:\Users\Андрей\code-statistics\CodeStats\target\test-classes;C:\Users\Андрей\code-statistics\CodeStats\target\classes;C:\Users\Андрей\.m2\repository\org\junit\jupiter\junit-jupiter-api\5.6.2\junit-jupiter-api-5.6.2.jar;C:\Users\Андрей\.m2\repository\org\apiguardian\apiguardian-api\1.1.0\apiguardian-api-1.1.0.jar;C:\Users\Андрей\.m2\repository\org\opentest4j\opentest4j\1.2.0\opentest4j-1.2.0.jar;C:\Users\Андрей\.m2\repository\org\junit\platform\junit-platform-commons\1.6.2\junit-platform-commons-1.6.2.jar;C:\Users\Андрей\.m2\repository\info\picocli\picocli\4.6.1\picocli-4.6.1.jar;"/>
    <property name="sun.cpu.endian" value="little"/>
    <property name="user.home" value="C:\Users\Андрей"/>
    <property name="user.language" value="ru"/>
    <property name="java.specification.vendor" value="Oracle Corporation"/>
    <property name="java.version.date" value="2021-01-19"/>
    <property name="java.home" value="C:\Users\Андрей\.jdks\openjdk-15.0.2"/>
    <property name="file.separator" value="\"/>
    <property name="basedir" value="C:\Users\Андрей\code-statistics\CodeStats"/>
    <property name="java.vm.compressedOopsMode" value="Zero based"/>
    <property name="line.separator" value="&#10;"/>
    <property name="java.vm.specification.vendor" value="Oracle Corporation"/>
    <property name="java.specification.name" value="Java Platform API Specification"/>
    <property name="surefire.real.class.path" value="C:\Users\A4F7~1\AppData\Local\Temp\surefire1074272329619795962\surefirebooter12666779439396530899.jar"/>
    <property name="user.script" value=""/>
    <property name="sun.management.compiler" value="HotSpot 64-Bit Tiered Compilers"/>
    <property name="java.runtime.version" value="15.0.2+7-27"/>
    <property name="user.name" value="Андрей"/>
    <property name="path.separator" value=";"/>
    <property name="os.version" value="10.0"/>
    <property name="java.runtime.name" value="OpenJDK Runtime Environment"/>
    <property name="file.encoding" value="Cp1251"/>
    <property name="java.vm.name" value="OpenJDK 64-Bit Server VM"/>
    <property name="localRepository" value="C:\Users\Андрей\.m2\repository"/>
    <property name="java.vendor.url.bug" value="https://bugreport.java.com/bugreport/"/>
    <property name="java.io.tmpdir" value="C:\Users\A4F7~1\AppData\Local\Temp\"/>
    <property name="idea.version" value="2020.3.2"/>
    <property name="java.version" value="15.0.2"/>
    <property name="user.dir" value="C:\Users\Андрей\code-statistics\CodeStats"/>
    <property name="os.arch" value="amd64"/>
    <property name="java.vm.specification.name" value="Java Virtual Machine Specification"/>
    <property name="sun.os.patch.level" value=""/>
    <property name="java.library.path" value="C:\Users\Андрей\.jdks\openjdk-15.0.2\bin;C:\WINDOWS\Sun\Java\bin;C:\WINDOWS\system32;C:\WINDOWS;C:\Program Files (x86)\Common Files\Oracle\Java\javapath;C:\Program Files\Common Files\Oracle\Java\javapath;C:\Program Files (x86)\Embarcadero\Studio\20.0\bin;C:\Users\Public\Documents\Embarcadero\Studio\20.0\Bpl;C:\Program Files (x86)\Embarcadero\Studio\20.0\bin64;C:\Users\Public\Documents\Embarcadero\Studio\20.0\Bpl\Win64;C:\ProgramData\Anaconda3;C:\ProgramData\Anaconda3\Library\mingw-w64\bin;C:\ProgramData\Anaconda3\Library\usr\bin;C:\ProgramData\Anaconda3\Library\bin;C:\ProgramData\Anaconda3\Scripts;C:\Program Files\NVIDIA GPU Computing Toolkit\CUDA\v8.0\bin;C:\Program Files\NVIDIA GPU Computing Toolkit\CUDA\v8.0\libnvvp;C:\Program Files (x86)\Embarcadero\Studio\17.0\bin;C:\Users\Public\Documents\Embarcadero\Studio\17.0\Bpl;C:\Program Files (x86)\Embarcadero\Studio\17.0\bin64;C:\Users\Public\Documents\Embarcadero\Studio\17.0\Bpl\Win64;C:\Windows\system32;C:\Windows;C:\Windows\System32\Wbem;C:\Windows\System32\WindowsPowerShell\v1.0\;C:\Program Files (x86)\NVIDIA Corporation\PhysX\Common;C:\Users\Андрей\.dnx\bin;C:\Program Files\Microsoft DNX\Dnvm\;C:\WINDOWS\system32;C:\WINDOWS;C:\WINDOWS\System32\Wbem;C:\WINDOWS\System32\WindowsPowerShell\v1.0\;C:\Program Files (x86)\Print Conductor;C:\Program Files (x86)\Microsoft VS Code\bin;C:\Program Files\Git\cmd;C:\Program Files (x86)\Windows Kits\10\Windows Performance Toolkit\;C:\WINDOWS\System32\OpenSSH\;C:\Program Files (x86)\Intel\Intel(R) Management Engine Components\DAL;C:\Program Files\Intel\Intel(R) Management Engine Components\DAL;C:\Program Files\NVIDIA Corporation\NVIDIA NvDLISR;C:\WINDOWS\system32;C:\WINDOWS;C:\WINDOWS\System32\Wbem;C:\WINDOWS\System32\WindowsPowerShell\v1.0\;C:\WINDOWS\System32\OpenSSH\;C:\Go\bin;C:\sqlite;C:\Program Files\Docker\Docker\resources\bin;C:\ProgramData\DockerDesktop\version-bin;%M2%;C:\Program Files (x86)\maven\bin;C:\Users\Андрей\AppData\Local\Programs\Python\Python39;C:\Users\Андрей\AppData\Local\Programs\Microsoft VS Code\bin;C:\Program Files (x86)\maven\bin;;."/>
    <property name="java.vm.info" value="mixed mode, sharing"/>
    <property name="java.vendor" value="Oracle Corporation"/>
    <property name="java.vm.version" value="15.0.2+7-27"/>
    <property name="sun.io.unicode.encoding" value="UnicodeLittle"/>
    <property name="java.class.version" value="59.0"/>
  </properties>
  <testcase name="codestats.UnitTests.testCollectCommentLines" classname="codestats.UnitTests" time="0.009"/>
  <testcase name="codestats.UnitTests.testProjectTreeStructure" classname="codestats.UnitTests" time="0.001"/>
  <testcase name="codestats.UnitTests.testSimpleTextLayoutSummaryOnly" classname="codestats.UnitTests" time="0.011">
    <failure message="expected: &lt;Root/&#10;├── code-example-with-scope-comments.cpp&#10;├── code-example.cpp&#10;└── Subdir/&#10;    └── another-example.java&#10;&#10;&#10;			REPORT&#10;			‾‾‾‾‾‾‾‾‾&#10;src/main/resources/Root/Subdir/another-example.java:&#10;	Total single-line comments: 2&#10;	Empty single-line comments: 0&#10;	Total multi-line comments: 0&#10;	Total lines with comments: 2&#10;&#10;src/main/resources/Root/code-example.cpp:&#10;	Total single-line comments: 3&#10;	Empty single-line comments: 1&#10;	Total multi-line comments: 0&#10;	Total lines with comments: 3&#10;&#10;&gt; but was: &lt;Root/&#10;			WHOLE PROJECT:&#10;	Total single-line comments: 5&#10;	Empty single-line comments: 1&#10;	Total multi-line comments: 0&#10;	Total lines with comments: 5&#10;&gt;" type="org.opentest4j.AssertionFailedError"><![CDATA[org.opentest4j.AssertionFailedError: 
expected: <Root/
├── code-example-with-scope-comments.cpp
├── code-example.cpp
└── Subdir/
    └── another-example.java
			REPORT
			‾‾‾‾‾‾‾‾‾
src/main/resources/Root/Subdir/another-example.java:
	Total single-line comments: 2
	Empty single-line comments: 0
	Total multi-line comments: 0
	Total lines with comments: 2
src/main/resources/Root/code-example.cpp:
	Total single-line comments: 3
	Empty single-line comments: 1
	Total multi-line comments: 0
	Total lines with comments: 3
> but was: <Root/
			WHOLE PROJECT:
	Total single-line comments: 5
	Empty single-line comments: 1
	Total multi-line comments: 0
	Total lines with comments: 5
>
	at org.junit.jupiter.api.AssertionUtils.fail(AssertionUtils.java:55)
	at org.junit.jupiter.api.AssertionUtils.failNotEqual(AssertionUtils.java:62)
	at org.junit.jupiter.api.AssertEquals.assertEquals(AssertEquals.java:182)
	at org.junit.jupiter.api.AssertEquals.assertEquals(AssertEquals.java:177)
	at org.junit.jupiter.api.Assertions.assertEquals(Assertions.java:1124)
	at codestats.UnitTests.testSimpleTextLayoutSummaryOnly(UnitTests.java:104)
]]></failure>
  </testcase>
  <testcase name="codestats.UnitTests.testSimpleTextLayoutFull" classname="codestats.UnitTests" time="0.003">
    <failure message="expected: &lt;Root/&#10;├── code-example-with-scope-comments.cpp&#10;├── code-example.cpp&#10;└── Subdir/&#10;    └── another-example.java&#10;&#10;&#10;			REPORT&#10;			‾‾‾‾‾‾‾‾‾&#10;src/main/resources/Root/Subdir/another-example.java:&#10;	Total single-line comments: 2&#10;	Empty single-line comments: 0&#10;	Total multi-line comments: 0&#10;	Total lines with comments: 2&#10;&#10;src/main/resources/Root/code-example.cpp:&#10;	Total single-line comments: 3&#10;	Empty single-line comments: 1&#10;	Total multi-line comments: 0&#10;	Total lines with comments: 3&#10;&#10;&gt; but was: &lt;Root/&#10;├── code-example-with-scope-comments.cpp&#10;├── code-example.cpp&#10;└── Subdir/&#10;    └── another-example.java&#10;&#10;			WHOLE PROJECT:&#10;	Total single-line comments: 5&#10;	Empty single-line comments: 1&#10;	Total multi-line comments: 0&#10;	Total lines with comments: 5&#10;&#10;			REPORT&#10;			‾‾‾‾‾‾‾‾‾&#10;src/main/resources/Root/Subdir/another-example.java:&#10;	Total single-line comments: 2&#10;	Empty single-line comments: 0&#10;	Total multi-line comments: 0&#10;	Total lines with comments: 2&#10;&#10;src/main/resources/Root/code-example.cpp:&#10;	Total single-line comments: 3&#10;	Empty single-line comments: 1&#10;	Total multi-line comments: 0&#10;	Total lines with comments: 3&#10;&#10;&gt;" type="org.opentest4j.AssertionFailedError"><![CDATA[org.opentest4j.AssertionFailedError: 
expected: <Root/
├── code-example-with-scope-comments.cpp
├── code-example.cpp
└── Subdir/
    └── another-example.java
			REPORT
			‾‾‾‾‾‾‾‾‾
src/main/resources/Root/Subdir/another-example.java:
	Total single-line comments: 2
	Empty single-line comments: 0
	Total multi-line comments: 0
	Total lines with comments: 2
src/main/resources/Root/code-example.cpp:
	Total single-line comments: 3
	Empty single-line comments: 1
	Total multi-line comments: 0
	Total lines with comments: 3
> but was: <Root/
├── code-example-with-scope-comments.cpp
├── code-example.cpp
└── Subdir/
    └── another-example.java
			WHOLE PROJECT:
	Total single-line comments: 5
	Empty single-line comments: 1
	Total multi-line comments: 0
	Total lines with comments: 5
			REPORT
			‾‾‾‾‾‾‾‾‾
src/main/resources/Root/Subdir/another-example.java:
	Total single-line comments: 2
	Empty single-line comments: 0
	Total multi-line comments: 0
	Total lines with comments: 2
src/main/resources/Root/code-example.cpp:
	Total single-line comments: 3
	Empty single-line comments: 1
	Total multi-line comments: 0
	Total lines with comments: 3
>
	at org.junit.jupiter.api.AssertionUtils.fail(AssertionUtils.java:55)
	at org.junit.jupiter.api.AssertionUtils.failNotEqual(AssertionUtils.java:62)
	at org.junit.jupiter.api.AssertEquals.assertEquals(AssertEquals.java:182)
	at org.junit.jupiter.api.AssertEquals.assertEquals(AssertEquals.java:177)
	at org.junit.jupiter.api.Assertions.assertEquals(Assertions.java:1124)
	at codestats.UnitTests.testSimpleTextLayoutFull(UnitTests.java:66)
]]></failure>
  </testcase>
  <testcase name="codestats.UnitTests.testCollectConstants" classname="codestats.UnitTests" time="0.005"/>
  <testcase name="codestats.UnitTests.testProjectTreeFilesDIR" classname="codestats.UnitTests" time="0.005"/>
</testsuite>