<?xml version="1.0" encoding="UTF-8"?>
<testsuite xmlns:xsi="http://www.w3.org/2001/XMLSchema-instance" xsi:noNamespaceSchemaLocation="https://maven.apache.org/surefire/maven-surefire-plugin/xsd/surefire-test-report.xsd" name="codestats.UnitTests" time="0.003" tests="4" errors="0" skipped="0" failures="0">
  <properties>
[...]
</properties>
  <testcase name="codestats.UnitTests.testProjectTreeStructure" classname="codestats.UnitTests" time="0.001"/>
  <testcase name="codestats.UnitTests.testCollectCommentLines" classname="codestats.UnitTests" time="0"/>
  <testcase name="codestats.UnitTests.testSimpleTextLayout" classname="codestats.UnitTests" time="0"/>
  <testcase name="codestats.UnitTests.testProjectTreeFilesDIR" classname="codestats.UnitTests" time="0"/>
</testsuite>