<?xml version="1.0" encoding="UTF-8"?>
<testsuite xmlns:xsi="http://www.w3.org/2001/XMLSchema-instance" xsi:noNamespaceSchemaLocation="https://maven.apache.org/surefire/maven-surefire-plugin/xsd/surefire-test-report.xsd" name="codestats.UnitTests" time="0.037" tests="6" errors="0" skipped="0" failures="2">
  <properties>
[...]
</properties>
  <testcase name="codestats.UnitTests.testCollectCommentLines" classname="codestats.UnitTests" time="0.009"/>
  <testcase name="codestats.UnitTests.testProjectTreeStructure" classname="codestats.UnitTests" time="0.001"/>
  <testcase name="codestats.UnitTests.testSimpleTextLayoutSummaryOnly" classname="codestats.UnitTests" time="0.011">
    <failure message="expected: &lt;Root/&#10;├── code-example-with-scope-comments.cpp&#10;├── code-example.cpp&#10;└── Subdir/&#10;    └── another-example.java&#10;&#10;&#10;			REPORT&#10;			‾‾‾‾‾‾‾‾‾&#10;src/main/resources/Root/Subdir/another-example.java:&#10;	Total single-line comments: 2&#10;	Empty single-line comments: 0&#10;	Total multi-line comments: 0&#10;	Total lines with comments: 2&#10;&#10;src/main/resources/Root/code-example.cpp:&#10;	Total single-line comments: 3&#10;	Empty single-line comments: 1&#10;	Total multi-line comments: 0&#10;	Total lines with comments: 3&#10;&#10;&gt; but was: &lt;Root/&#10;			WHOLE PROJECT:&#10;	Total single-line comments: 5&#10;	Empty single-line comments: 1&#10;	Total multi-line comments: 0&#10;	Total lines with comments: 5&#10;&gt;" type="org.opentest4j.AssertionFailedError"><![CDATA[org.opentest4j.AssertionFailedError: 
expected: <Root/
├── code-example-with-scope-comments.cpp
├── code-example.cpp
└── Subdir/
    └── another-example.java
			REPORT
			‾‾‾‾‾‾‾‾‾
src/main/resources/Root/Subdir/another-example.java:
	Total single-line comments: 2
	Empty single-line comments: 0
	Total multi-line comments: 0
	Total lines with comments: 2
src/main/resources/Root/code-example.cpp:
	Total single-line comments: 3
	Empty single-line comments: 1
	Total multi-line comments: 0
	Total lines with comments: 3
> but was: <Root/
			WHOLE PROJECT:
	Total single-line comments: 5
	Empty single-line comments: 1
	Total multi-line comments: 0
	Total lines with comments: 5
>
	at org.junit.jupiter.api.AssertionUtils.fail(AssertionUtils.java:55)
	at org.junit.jupiter.api.AssertionUtils.failNotEqual(AssertionUtils.java:62)
	at org.junit.jupiter.api.AssertEquals.assertEquals(AssertEquals.java:182)
	at org.junit.jupiter.api.AssertEquals.assertEquals(AssertEquals.java:177)
	at org.junit.jupiter.api.Assertions.assertEquals(Assertions.java:1124)
	at codestats.UnitTests.testSimpleTextLayoutSummaryOnly(UnitTests.java:104)
]]></failure>
  </testcase>
  <testcase name="codestats.UnitTests.testSimpleTextLayoutFull" classname="codestats.UnitTests" time="0.003">
    <failure message="expected: &lt;Root/&#10;├── code-example-with-scope-comments.cpp&#10;├── code-example.cpp&#10;└── Subdir/&#10;    └── another-example.java&#10;&#10;&#10;			REPORT&#10;			‾‾‾‾‾‾‾‾‾&#10;src/main/resources/Root/Subdir/another-example.java:&#10;	Total single-line comments: 2&#10;	Empty single-line comments: 0&#10;	Total multi-line comments: 0&#10;	Total lines with comments: 2&#10;&#10;src/main/resources/Root/code-example.cpp:&#10;	Total single-line comments: 3&#10;	Empty single-line comments: 1&#10;	Total multi-line comments: 0&#10;	Total lines with comments: 3&#10;&#10;&gt; but was: &lt;Root/&#10;├── code-example-with-scope-comments.cpp&#10;├── code-example.cpp&#10;└── Subdir/&#10;    └── another-example.java&#10;&#10;			WHOLE PROJECT:&#10;	Total single-line comments: 5&#10;	Empty single-line comments: 1&#10;	Total multi-line comments: 0&#10;	Total lines with comments: 5&#10;&#10;			REPORT&#10;			‾‾‾‾‾‾‾‾‾&#10;src/main/resources/Root/Subdir/another-example.java:&#10;	Total single-line comments: 2&#10;	Empty single-line comments: 0&#10;	Total multi-line comments: 0&#10;	Total lines with comments: 2&#10;&#10;src/main/resources/Root/code-example.cpp:&#10;	Total single-line comments: 3&#10;	Empty single-line comments: 1&#10;	Total multi-line comments: 0&#10;	Total lines with comments: 3&#10;&#10;&gt;" type="org.opentest4j.AssertionFailedError"><![CDATA[org.opentest4j.AssertionFailedError: 
expected: <Root/
├── code-example-with-scope-comments.cpp
├── code-example.cpp
└── Subdir/
    └── another-example.java
			REPORT
			‾‾‾‾‾‾‾‾‾
src/main/resources/Root/Subdir/another-example.java:
	Total single-line comments: 2
	Empty single-line comments: 0
	Total multi-line comments: 0
	Total lines with comments: 2
src/main/resources/Root/code-example.cpp:
	Total single-line comments: 3
	Empty single-line comments: 1
	Total multi-line comments: 0
	Total lines with comments: 3
> but was: <Root/
├── code-example-with-scope-comments.cpp
├── code-example.cpp
└── Subdir/
    └── another-example.java
			WHOLE PROJECT:
	Total single-line comments: 5
	Empty single-line comments: 1
	Total multi-line comments: 0
	Total lines with comments: 5
			REPORT
			‾‾‾‾‾‾‾‾‾
src/main/resources/Root/Subdir/another-example.java:
	Total single-line comments: 2
	Empty single-line comments: 0
	Total multi-line comments: 0
	Total lines with comments: 2
src/main/resources/Root/code-example.cpp:
	Total single-line comments: 3
	Empty single-line comments: 1
	Total multi-line comments: 0
	Total lines with comments: 3
>
	at org.junit.jupiter.api.AssertionUtils.fail(AssertionUtils.java:55)
	at org.junit.jupiter.api.AssertionUtils.failNotEqual(AssertionUtils.java:62)
	at org.junit.jupiter.api.AssertEquals.assertEquals(AssertEquals.java:182)
	at org.junit.jupiter.api.AssertEquals.assertEquals(AssertEquals.java:177)
	at org.junit.jupiter.api.Assertions.assertEquals(Assertions.java:1124)
	at codestats.UnitTests.testSimpleTextLayoutFull(UnitTests.java:66)
]]></failure>
  </testcase>
  <testcase name="codestats.UnitTests.testCollectConstants" classname="codestats.UnitTests" time="0.005"/>
  <testcase name="codestats.UnitTests.testProjectTreeFilesDIR" classname="codestats.UnitTests" time="0.005"/>
</testsuite>